<?xml version="1.0" encoding="UTF-8"?>
<!-- Generated by org.testng.reporters.JUnitReportReporter -->
<testsuite hostname="Patils-Laptop17" failures="0" tests="1" name="com.practice.SampleReportTest" time="0.389" errors="0" timestamp="2024-12-27T17:20:55 IST" skipped="0">
  <testcase classname="com.practice.SampleReportTest" name="createContactTest" time="0.389"/>
  <system-out/>
</testsuite> <!-- com.practice.SampleReportTest -->
