<?xml version="1.0" encoding="UTF-8"?>
<!-- Generated by org.testng.reporters.JUnitReportReporter -->
<testsuite hostname="Patils-Laptop17" failures="0" tests="1" name="com.DataProvider.GetProdInfoInAmazon_DP_Test" time="0.000" errors="0" timestamp="2024-12-30T09:04:14 IST" skipped="1">
  <testcase classname="com.DataProvider.GetProdInfoInAmazon_DP_Test" name="getProdInfoInAmazon_DP_Test" time="0.000">
    <skipped/>
  </testcase> <!-- getProdInfoInAmazon_DP_Test -->
  <system-out/>
</testsuite> <!-- com.DataProvider.GetProdInfoInAmazon_DP_Test -->
