<?xml version="1.0" encoding="UTF-8"?>
<!-- Generated by org.testng.reporters.JUnitReportReporter -->
<testsuite hostname="Patils-Laptop17" failures="0" tests="1" name="com.Listener.InvoiceRetryTest" time="8.594" errors="0" timestamp="2024-12-27T10:16:06 IST" skipped="0">
  <testcase classname="com.Listener.InvoiceRetryTest" name="activateSimTest" time="8.594"/>
  <system-out/>
</testsuite> <!-- com.Listener.InvoiceRetryTest -->
